
Class name: VentaDAO
Stacktrace : Thread.java --  java.lang.Thread --  getStackTrace --  LogHelper.java --  com.puntodeventa.global.Util.LogHelper --  Log --  VentaDAO.java --  com.puntodeventa.services.DAO.VentaDAO --  manejaException --  VentaDAO.java --  com.puntodeventa.services.DAO.VentaDAO --  getListVenta --  printVentaProduct.java --  com.puntodeventa.global.report.viewer.printVentaProduct --  getPrintVentaList --  jfrmReport.java --  com.puntodeventa.mvc.Views.jfrmReport --  jbtnGenerarActionPerformed --  jfrmReport.java --  com.puntodeventa.mvc.Views.jfrmReport --  access$000 --  jfrmReport.java --  com.puntodeventa.mvc.Views.jfrmReport$1 --  actionPerformed --  AbstractButton.java --  javax.swing.AbstractButton --  fireActionPerformed --  AbstractButton.java --  javax.swing.AbstractButton$Handler --  actionPerformed --  DefaultButtonModel.java --  javax.swing.DefaultButtonModel --  fireActionPerformed --  DefaultButtonModel.java --  javax.swing.DefaultButtonModel --  setPressed --  BasicButtonListener.java --  javax.swing.plaf.basic.BasicButtonListener --  mouseReleased --  Component.java --  java.awt.Component --  processMouseEvent --  JComponent.java --  javax.swing.JComponent --  processMouseEvent --  Component.java --  java.awt.Component --  processEvent --  Container.java --  java.awt.Container --  processEvent --  Component.java --  java.awt.Component --  dispatchEventImpl --  Container.java --  java.awt.Container --  dispatchEventImpl --  Component.java --  java.awt.Component --  dispatchEvent --  Container.java --  java.awt.LightweightDispatcher --  retargetMouseEvent --  Container.java --  java.awt.LightweightDispatcher --  processMouseEvent --  Container.java --  java.awt.LightweightDispatcher --  dispatchEvent --  Container.java --  java.awt.Container --  dispatchEventImpl --  Window.java --  java.awt.Window --  dispatchEventImpl --  Component.java --  java.awt.Component --  dispatchEvent --  EventQueue.java --  java.awt.EventQueue --  dispatchEventImpl --  EventQueue.java --  java.awt.EventQueue --  access$000 --  EventQueue.java --  java.awt.EventQueue$3 --  run --  EventQueue.java --  java.awt.EventQueue$3 --  run --  AccessController.java --  java.security.AccessController --  doPrivileged --  ProtectionDomain.java --  java.security.ProtectionDomain$1 --  doIntersectionPrivilege --  ProtectionDomain.java --  java.security.ProtectionDomain$1 --  doIntersectionPrivilege --  EventQueue.java --  java.awt.EventQueue$4 --  run --  EventQueue.java --  java.awt.EventQueue$4 --  run --  AccessController.java --  java.security.AccessController --  doPrivileged --  ProtectionDomain.java --  java.security.ProtectionDomain$1 --  doIntersectionPrivilege --  EventQueue.java --  java.awt.EventQueue --  dispatchEvent --  EventDispatchThread.java --  java.awt.EventDispatchThread --  pumpOneEventForFilters --  EventDispatchThread.java --  java.awt.EventDispatchThread --  pumpEventsForFilter --  EventDispatchThread.java --  java.awt.EventDispatchThread --  pumpEventsForHierarchy --  EventDispatchThread.java --  java.awt.EventDispatchThread --  pumpEvents --  EventDispatchThread.java --  java.awt.EventDispatchThread --  pumpEvents --  EventDispatchThread.java --  java.awt.EventDispatchThread --  run --  
Message: could not execute query
Date: Sun Feb 17 17:17:04 CST 2013
--------------------------------------------
Class name: UsuarioDAO
Stacktrace : Thread.java --  java.lang.Thread --  getStackTrace --  LogHelper.java --  com.puntodeventa.global.Util.LogHelper --  Log --  UsuarioDAO.java --  com.puntodeventa.services.DAO.UsuarioDAO --  manejaException --  UsuarioDAO.java --  com.puntodeventa.services.DAO.UsuarioDAO --  saveUsuario --  frmUser.java --  com.puntodeventa.mvc.Views.frmUser --  jButton2ActionPerformed --  frmUser.java --  com.puntodeventa.mvc.Views.frmUser --  access$100 --  frmUser.java --  com.puntodeventa.mvc.Views.frmUser$2 --  actionPerformed --  AbstractButton.java --  javax.swing.AbstractButton --  fireActionPerformed --  AbstractButton.java --  javax.swing.AbstractButton$Handler --  actionPerformed --  DefaultButtonModel.java --  javax.swing.DefaultButtonModel --  fireActionPerformed --  DefaultButtonModel.java --  javax.swing.DefaultButtonModel --  setPressed --  BasicButtonListener.java --  javax.swing.plaf.basic.BasicButtonListener --  mouseReleased --  Component.java --  java.awt.Component --  processMouseEvent --  JComponent.java --  javax.swing.JComponent --  processMouseEvent --  Component.java --  java.awt.Component --  processEvent --  Container.java --  java.awt.Container --  processEvent --  Component.java --  java.awt.Component --  dispatchEventImpl --  Container.java --  java.awt.Container --  dispatchEventImpl --  Component.java --  java.awt.Component --  dispatchEvent --  Container.java --  java.awt.LightweightDispatcher --  retargetMouseEvent --  Container.java --  java.awt.LightweightDispatcher --  processMouseEvent --  Container.java --  java.awt.LightweightDispatcher --  dispatchEvent --  Container.java --  java.awt.Container --  dispatchEventImpl --  Window.java --  java.awt.Window --  dispatchEventImpl --  Component.java --  java.awt.Component --  dispatchEvent --  EventQueue.java --  java.awt.EventQueue --  dispatchEventImpl --  EventQueue.java --  java.awt.EventQueue --  access$000 --  EventQueue.java --  java.awt.EventQueue$3 --  run --  EventQueue.java --  java.awt.EventQueue$3 --  run --  AccessController.java --  java.security.AccessController --  doPrivileged --  ProtectionDomain.java --  java.security.ProtectionDomain$1 --  doIntersectionPrivilege --  ProtectionDomain.java --  java.security.ProtectionDomain$1 --  doIntersectionPrivilege --  EventQueue.java --  java.awt.EventQueue$4 --  run --  EventQueue.java --  java.awt.EventQueue$4 --  run --  AccessController.java --  java.security.AccessController --  doPrivileged --  ProtectionDomain.java --  java.security.ProtectionDomain$1 --  doIntersectionPrivilege --  EventQueue.java --  java.awt.EventQueue --  dispatchEvent --  EventDispatchThread.java --  java.awt.EventDispatchThread --  pumpOneEventForFilters --  EventDispatchThread.java --  java.awt.EventDispatchThread --  pumpEventsForFilter --  EventDispatchThread.java --  java.awt.EventDispatchThread --  pumpEventsForHierarchy --  EventDispatchThread.java --  java.awt.EventDispatchThread --  pumpEvents --  EventDispatchThread.java --  java.awt.EventDispatchThread --  pumpEvents --  EventDispatchThread.java --  java.awt.EventDispatchThread --  run --  
Message: Could not execute JDBC batch update
Date: Sun Feb 24 10:51:06 CST 2013
--------------------------------------------
Class name: UsuarioDAO
Stacktrace : Thread.java --  java.lang.Thread --  getStackTrace --  LogHelper.java --  com.puntodeventa.global.Util.LogHelper --  Log --  UsuarioDAO.java --  com.puntodeventa.services.DAO.UsuarioDAO --  manejaException --  UsuarioDAO.java --  com.puntodeventa.services.DAO.UsuarioDAO --  saveUsuario --  frmUser.java --  com.puntodeventa.mvc.Views.frmUser --  jButton2ActionPerformed --  frmUser.java --  com.puntodeventa.mvc.Views.frmUser --  access$100 --  frmUser.java --  com.puntodeventa.mvc.Views.frmUser$2 --  actionPerformed --  AbstractButton.java --  javax.swing.AbstractButton --  fireActionPerformed --  AbstractButton.java --  javax.swing.AbstractButton$Handler --  actionPerformed --  DefaultButtonModel.java --  javax.swing.DefaultButtonModel --  fireActionPerformed --  DefaultButtonModel.java --  javax.swing.DefaultButtonModel --  setPressed --  BasicButtonListener.java --  javax.swing.plaf.basic.BasicButtonListener --  mouseReleased --  Component.java --  java.awt.Component --  processMouseEvent --  JComponent.java --  javax.swing.JComponent --  processMouseEvent --  Component.java --  java.awt.Component --  processEvent --  Container.java --  java.awt.Container --  processEvent --  Component.java --  java.awt.Component --  dispatchEventImpl --  Container.java --  java.awt.Container --  dispatchEventImpl --  Component.java --  java.awt.Component --  dispatchEvent --  Container.java --  java.awt.LightweightDispatcher --  retargetMouseEvent --  Container.java --  java.awt.LightweightDispatcher --  processMouseEvent --  Container.java --  java.awt.LightweightDispatcher --  dispatchEvent --  Container.java --  java.awt.Container --  dispatchEventImpl --  Window.java --  java.awt.Window --  dispatchEventImpl --  Component.java --  java.awt.Component --  dispatchEvent --  EventQueue.java --  java.awt.EventQueue --  dispatchEventImpl --  EventQueue.java --  java.awt.EventQueue --  access$000 --  EventQueue.java --  java.awt.EventQueue$3 --  run --  EventQueue.java --  java.awt.EventQueue$3 --  run --  AccessController.java --  java.security.AccessController --  doPrivileged --  ProtectionDomain.java --  java.security.ProtectionDomain$1 --  doIntersectionPrivilege --  ProtectionDomain.java --  java.security.ProtectionDomain$1 --  doIntersectionPrivilege --  EventQueue.java --  java.awt.EventQueue$4 --  run --  EventQueue.java --  java.awt.EventQueue$4 --  run --  AccessController.java --  java.security.AccessController --  doPrivileged --  ProtectionDomain.java --  java.security.ProtectionDomain$1 --  doIntersectionPrivilege --  EventQueue.java --  java.awt.EventQueue --  dispatchEvent --  EventDispatchThread.java --  java.awt.EventDispatchThread --  pumpOneEventForFilters --  EventDispatchThread.java --  java.awt.EventDispatchThread --  pumpEventsForFilter --  EventDispatchThread.java --  java.awt.EventDispatchThread --  pumpEventsForHierarchy --  EventDispatchThread.java --  java.awt.EventDispatchThread --  pumpEvents --  EventDispatchThread.java --  java.awt.EventDispatchThread --  pumpEvents --  EventDispatchThread.java --  java.awt.EventDispatchThread --  run --  
Message: Could not execute JDBC batch update
Date: Sun Feb 24 10:51:15 CST 2013
--------------------------------------------
Class name: UsuarioDAO
Stacktrace : Thread.java --  java.lang.Thread --  getStackTrace --  LogHelper.java --  com.puntodeventa.global.Util.LogHelper --  Log --  UsuarioDAO.java --  com.puntodeventa.services.DAO.UsuarioDAO --  manejaException --  UsuarioDAO.java --  com.puntodeventa.services.DAO.UsuarioDAO --  saveUsuario --  frmUser.java --  com.puntodeventa.mvc.Views.frmUser --  jButton2ActionPerformed --  frmUser.java --  com.puntodeventa.mvc.Views.frmUser --  access$100 --  frmUser.java --  com.puntodeventa.mvc.Views.frmUser$2 --  actionPerformed --  AbstractButton.java --  javax.swing.AbstractButton --  fireActionPerformed --  AbstractButton.java --  javax.swing.AbstractButton$Handler --  actionPerformed --  DefaultButtonModel.java --  javax.swing.DefaultButtonModel --  fireActionPerformed --  DefaultButtonModel.java --  javax.swing.DefaultButtonModel --  setPressed --  BasicButtonListener.java --  javax.swing.plaf.basic.BasicButtonListener --  mouseReleased --  Component.java --  java.awt.Component --  processMouseEvent --  JComponent.java --  javax.swing.JComponent --  processMouseEvent --  Component.java --  java.awt.Component --  processEvent --  Container.java --  java.awt.Container --  processEvent --  Component.java --  java.awt.Component --  dispatchEventImpl --  Container.java --  java.awt.Container --  dispatchEventImpl --  Component.java --  java.awt.Component --  dispatchEvent --  Container.java --  java.awt.LightweightDispatcher --  retargetMouseEvent --  Container.java --  java.awt.LightweightDispatcher --  processMouseEvent --  Container.java --  java.awt.LightweightDispatcher --  dispatchEvent --  Container.java --  java.awt.Container --  dispatchEventImpl --  Window.java --  java.awt.Window --  dispatchEventImpl --  Component.java --  java.awt.Component --  dispatchEvent --  EventQueue.java --  java.awt.EventQueue --  dispatchEventImpl --  EventQueue.java --  java.awt.EventQueue --  access$000 --  EventQueue.java --  java.awt.EventQueue$3 --  run --  EventQueue.java --  java.awt.EventQueue$3 --  run --  AccessController.java --  java.security.AccessController --  doPrivileged --  ProtectionDomain.java --  java.security.ProtectionDomain$1 --  doIntersectionPrivilege --  ProtectionDomain.java --  java.security.ProtectionDomain$1 --  doIntersectionPrivilege --  EventQueue.java --  java.awt.EventQueue$4 --  run --  EventQueue.java --  java.awt.EventQueue$4 --  run --  AccessController.java --  java.security.AccessController --  doPrivileged --  ProtectionDomain.java --  java.security.ProtectionDomain$1 --  doIntersectionPrivilege --  EventQueue.java --  java.awt.EventQueue --  dispatchEvent --  EventDispatchThread.java --  java.awt.EventDispatchThread --  pumpOneEventForFilters --  EventDispatchThread.java --  java.awt.EventDispatchThread --  pumpEventsForFilter --  EventDispatchThread.java --  java.awt.EventDispatchThread --  pumpEventsForHierarchy --  EventDispatchThread.java --  java.awt.EventDispatchThread --  pumpEvents --  EventDispatchThread.java --  java.awt.EventDispatchThread --  pumpEvents --  EventDispatchThread.java --  java.awt.EventDispatchThread --  run --  
Message: Could not execute JDBC batch update
Date: Sun Feb 24 10:53:03 CST 2013
--------------------------------------------
Class name: UsuarioDAO
Stacktrace : Thread.java --  java.lang.Thread --  getStackTrace --  LogHelper.java --  com.puntodeventa.global.Util.LogHelper --  Log --  UsuarioDAO.java --  com.puntodeventa.services.DAO.UsuarioDAO --  manejaException --  UsuarioDAO.java --  com.puntodeventa.services.DAO.UsuarioDAO --  saveUsuario --  frmUser.java --  com.puntodeventa.mvc.Views.frmUser --  jButton2ActionPerformed --  frmUser.java --  com.puntodeventa.mvc.Views.frmUser --  access$100 --  frmUser.java --  com.puntodeventa.mvc.Views.frmUser$2 --  actionPerformed --  AbstractButton.java --  javax.swing.AbstractButton --  fireActionPerformed --  AbstractButton.java --  javax.swing.AbstractButton$Handler --  actionPerformed --  DefaultButtonModel.java --  javax.swing.DefaultButtonModel --  fireActionPerformed --  DefaultButtonModel.java --  javax.swing.DefaultButtonModel --  setPressed --  BasicButtonListener.java --  javax.swing.plaf.basic.BasicButtonListener --  mouseReleased --  Component.java --  java.awt.Component --  processMouseEvent --  JComponent.java --  javax.swing.JComponent --  processMouseEvent --  Component.java --  java.awt.Component --  processEvent --  Container.java --  java.awt.Container --  processEvent --  Component.java --  java.awt.Component --  dispatchEventImpl --  Container.java --  java.awt.Container --  dispatchEventImpl --  Component.java --  java.awt.Component --  dispatchEvent --  Container.java --  java.awt.LightweightDispatcher --  retargetMouseEvent --  Container.java --  java.awt.LightweightDispatcher --  processMouseEvent --  Container.java --  java.awt.LightweightDispatcher --  dispatchEvent --  Container.java --  java.awt.Container --  dispatchEventImpl --  Window.java --  java.awt.Window --  dispatchEventImpl --  Component.java --  java.awt.Component --  dispatchEvent --  EventQueue.java --  java.awt.EventQueue --  dispatchEventImpl --  EventQueue.java --  java.awt.EventQueue --  access$000 --  EventQueue.java --  java.awt.EventQueue$3 --  run --  EventQueue.java --  java.awt.EventQueue$3 --  run --  AccessController.java --  java.security.AccessController --  doPrivileged --  ProtectionDomain.java --  java.security.ProtectionDomain$1 --  doIntersectionPrivilege --  ProtectionDomain.java --  java.security.ProtectionDomain$1 --  doIntersectionPrivilege --  EventQueue.java --  java.awt.EventQueue$4 --  run --  EventQueue.java --  java.awt.EventQueue$4 --  run --  AccessController.java --  java.security.AccessController --  doPrivileged --  ProtectionDomain.java --  java.security.ProtectionDomain$1 --  doIntersectionPrivilege --  EventQueue.java --  java.awt.EventQueue --  dispatchEvent --  EventDispatchThread.java --  java.awt.EventDispatchThread --  pumpOneEventForFilters --  EventDispatchThread.java --  java.awt.EventDispatchThread --  pumpEventsForFilter --  EventDispatchThread.java --  java.awt.EventDispatchThread --  pumpEventsForHierarchy --  EventDispatchThread.java --  java.awt.EventDispatchThread --  pumpEvents --  EventDispatchThread.java --  java.awt.EventDispatchThread --  pumpEvents --  EventDispatchThread.java --  java.awt.EventDispatchThread --  run --  
Message: Could not execute JDBC batch update
Date: Sun Feb 24 10:55:23 CST 2013
--------------------------------------------
Class name: UsuarioDAO
Stacktrace : Thread.java --  java.lang.Thread --  getStackTrace --  LogHelper.java --  com.puntodeventa.global.Util.LogHelper --  Log --  UsuarioDAO.java --  com.puntodeventa.services.DAO.UsuarioDAO --  manejaException --  UsuarioDAO.java --  com.puntodeventa.services.DAO.UsuarioDAO --  updateUsuario --  frmUser.java --  com.puntodeventa.mvc.Views.frmUser --  jButton1ActionPerformed --  frmUser.java --  com.puntodeventa.mvc.Views.frmUser --  access$000 --  frmUser.java --  com.puntodeventa.mvc.Views.frmUser$1 --  actionPerformed --  AbstractButton.java --  javax.swing.AbstractButton --  fireActionPerformed --  AbstractButton.java --  javax.swing.AbstractButton$Handler --  actionPerformed --  DefaultButtonModel.java --  javax.swing.DefaultButtonModel --  fireActionPerformed --  DefaultButtonModel.java --  javax.swing.DefaultButtonModel --  setPressed --  BasicButtonListener.java --  javax.swing.plaf.basic.BasicButtonListener --  mouseReleased --  Component.java --  java.awt.Component --  processMouseEvent --  JComponent.java --  javax.swing.JComponent --  processMouseEvent --  Component.java --  java.awt.Component --  processEvent --  Container.java --  java.awt.Container --  processEvent --  Component.java --  java.awt.Component --  dispatchEventImpl --  Container.java --  java.awt.Container --  dispatchEventImpl --  Component.java --  java.awt.Component --  dispatchEvent --  Container.java --  java.awt.LightweightDispatcher --  retargetMouseEvent --  Container.java --  java.awt.LightweightDispatcher --  processMouseEvent --  Container.java --  java.awt.LightweightDispatcher --  dispatchEvent --  Container.java --  java.awt.Container --  dispatchEventImpl --  Window.java --  java.awt.Window --  dispatchEventImpl --  Component.java --  java.awt.Component --  dispatchEvent --  EventQueue.java --  java.awt.EventQueue --  dispatchEventImpl --  EventQueue.java --  java.awt.EventQueue --  access$000 --  EventQueue.java --  java.awt.EventQueue$3 --  run --  EventQueue.java --  java.awt.EventQueue$3 --  run --  AccessController.java --  java.security.AccessController --  doPrivileged --  ProtectionDomain.java --  java.security.ProtectionDomain$1 --  doIntersectionPrivilege --  ProtectionDomain.java --  java.security.ProtectionDomain$1 --  doIntersectionPrivilege --  EventQueue.java --  java.awt.EventQueue$4 --  run --  EventQueue.java --  java.awt.EventQueue$4 --  run --  AccessController.java --  java.security.AccessController --  doPrivileged --  ProtectionDomain.java --  java.security.ProtectionDomain$1 --  doIntersectionPrivilege --  EventQueue.java --  java.awt.EventQueue --  dispatchEvent --  EventDispatchThread.java --  java.awt.EventDispatchThread --  pumpOneEventForFilters --  EventDispatchThread.java --  java.awt.EventDispatchThread --  pumpEventsForFilter --  EventDispatchThread.java --  java.awt.EventDispatchThread --  pumpEventsForHierarchy --  EventDispatchThread.java --  java.awt.EventDispatchThread --  pumpEvents --  EventDispatchThread.java --  java.awt.EventDispatchThread --  pumpEvents --  EventDispatchThread.java --  java.awt.EventDispatchThread --  run --  
Message: Could not execute JDBC batch update
Date: Sun Feb 24 10:57:48 CST 2013
--------------------------------------------
Class name: UsuarioDAO
Stacktrace : Thread.java --  java.lang.Thread --  getStackTrace --  LogHelper.java --  com.puntodeventa.global.Util.LogHelper --  Log --  UsuarioDAO.java --  com.puntodeventa.services.DAO.UsuarioDAO --  manejaException --  UsuarioDAO.java --  com.puntodeventa.services.DAO.UsuarioDAO --  saveUsuario --  frmUser.java --  com.puntodeventa.mvc.Views.frmUser --  jButton2ActionPerformed --  frmUser.java --  com.puntodeventa.mvc.Views.frmUser --  access$100 --  frmUser.java --  com.puntodeventa.mvc.Views.frmUser$2 --  actionPerformed --  AbstractButton.java --  javax.swing.AbstractButton --  fireActionPerformed --  AbstractButton.java --  javax.swing.AbstractButton$Handler --  actionPerformed --  DefaultButtonModel.java --  javax.swing.DefaultButtonModel --  fireActionPerformed --  DefaultButtonModel.java --  javax.swing.DefaultButtonModel --  setPressed --  BasicButtonListener.java --  javax.swing.plaf.basic.BasicButtonListener --  mouseReleased --  Component.java --  java.awt.Component --  processMouseEvent --  JComponent.java --  javax.swing.JComponent --  processMouseEvent --  Component.java --  java.awt.Component --  processEvent --  Container.java --  java.awt.Container --  processEvent --  Component.java --  java.awt.Component --  dispatchEventImpl --  Container.java --  java.awt.Container --  dispatchEventImpl --  Component.java --  java.awt.Component --  dispatchEvent --  Container.java --  java.awt.LightweightDispatcher --  retargetMouseEvent --  Container.java --  java.awt.LightweightDispatcher --  processMouseEvent --  Container.java --  java.awt.LightweightDispatcher --  dispatchEvent --  Container.java --  java.awt.Container --  dispatchEventImpl --  Window.java --  java.awt.Window --  dispatchEventImpl --  Component.java --  java.awt.Component --  dispatchEvent --  EventQueue.java --  java.awt.EventQueue --  dispatchEventImpl --  EventQueue.java --  java.awt.EventQueue --  access$000 --  EventQueue.java --  java.awt.EventQueue$3 --  run --  EventQueue.java --  java.awt.EventQueue$3 --  run --  AccessController.java --  java.security.AccessController --  doPrivileged --  ProtectionDomain.java --  java.security.ProtectionDomain$1 --  doIntersectionPrivilege --  ProtectionDomain.java --  java.security.ProtectionDomain$1 --  doIntersectionPrivilege --  EventQueue.java --  java.awt.EventQueue$4 --  run --  EventQueue.java --  java.awt.EventQueue$4 --  run --  AccessController.java --  java.security.AccessController --  doPrivileged --  ProtectionDomain.java --  java.security.ProtectionDomain$1 --  doIntersectionPrivilege --  EventQueue.java --  java.awt.EventQueue --  dispatchEvent --  EventDispatchThread.java --  java.awt.EventDispatchThread --  pumpOneEventForFilters --  EventDispatchThread.java --  java.awt.EventDispatchThread --  pumpEventsForFilter --  EventDispatchThread.java --  java.awt.EventDispatchThread --  pumpEventsForHierarchy --  EventDispatchThread.java --  java.awt.EventDispatchThread --  pumpEvents --  EventDispatchThread.java --  java.awt.EventDispatchThread --  pumpEvents --  EventDispatchThread.java --  java.awt.EventDispatchThread --  run --  
Message: Could not execute JDBC batch update
Date: Sun Feb 24 11:29:44 CST 2013
--------------------------------------------
Class name: ApplicationInstanceManager
Stacktrace : Thread.java --  java.lang.Thread --  getStackTrace --  LogHelper.java --  com.puntodeventa.global.Util.LogHelper --  Log --  ApplicationInstanceManager.java --  com.puntodeventa.global.SingleInstanceManager.ApplicationInstanceManager --  registerInstance --  jfrmSplash.java --  com.puntodeventa.mvc.Views.jfrmSplash --  main --  
Message: Listening for application instances on socket 44331
Date: Sat Mar 02 00:09:26 CST 2013
--------------------------------------------
Class name: ApplicationInstanceManager
Stacktrace : Thread.java --  java.lang.Thread --  getStackTrace --  LogHelper.java --  com.puntodeventa.global.Util.LogHelper --  Log --  ApplicationInstanceManager.java --  com.puntodeventa.global.SingleInstanceManager.ApplicationInstanceManager --  registerInstance --  jfrmSplash.java --  com.puntodeventa.mvc.Views.jfrmSplash --  main --  
Message: Port is already taken.  Notifying first instance.
Date: Sat Mar 02 00:09:49 CST 2013
--------------------------------------------
Class name: ApplicationInstanceManager
Stacktrace : Thread.java --  java.lang.Thread --  getStackTrace --  LogHelper.java --  com.puntodeventa.global.Util.LogHelper --  Log --  ApplicationInstanceManager.java --  com.puntodeventa.global.SingleInstanceManager.ApplicationInstanceManager$1 --  run --  Thread.java --  java.lang.Thread --  run --  
Message: Shared key matched - new application instance found
Date: Sat Mar 02 00:09:49 CST 2013
--------------------------------------------
Class name: ApplicationInstanceManager
Stacktrace : Thread.java --  java.lang.Thread --  getStackTrace --  LogHelper.java --  com.puntodeventa.global.Util.LogHelper --  Log --  ApplicationInstanceManager.java --  com.puntodeventa.global.SingleInstanceManager.ApplicationInstanceManager --  registerInstance --  jfrmSplash.java --  com.puntodeventa.mvc.Views.jfrmSplash --  main --  
Message: Successfully notified first instance.
Date: Sat Mar 02 00:09:49 CST 2013
--------------------------------------------
Class name: ApplicationInstanceManager
Stacktrace : Thread.java --  java.lang.Thread --  getStackTrace --  LogHelper.java --  com.puntodeventa.global.Util.LogHelper --  Log --  ApplicationInstanceManager.java --  com.puntodeventa.global.SingleInstanceManager.ApplicationInstanceManager --  registerInstance --  jfrmSplash.java --  com.puntodeventa.mvc.Views.jfrmSplash --  main --  
Message: Listening for application instances on socket 44331
Date: Sat Mar 02 01:24:52 CST 2013
--------------------------------------------
Class name: ApplicationInstanceManager
Stacktrace : Thread.java --  java.lang.Thread --  getStackTrace --  LogHelper.java --  com.puntodeventa.global.Util.LogHelper --  Log --  ApplicationInstanceManager.java --  com.puntodeventa.global.SingleInstanceManager.ApplicationInstanceManager --  registerInstance --  jfrmSplash.java --  com.puntodeventa.mvc.Views.jfrmSplash --  main --  
Message: Listening for application instances on socket 44331
Date: Sat Mar 02 01:54:58 CST 2013
--------------------------------------------
Class name: ApplicationInstanceManager
Stacktrace : Thread.java --  java.lang.Thread --  getStackTrace --  LogHelper.java --  com.puntodeventa.global.Util.LogHelper --  Log --  ApplicationInstanceManager.java --  com.puntodeventa.global.SingleInstanceManager.ApplicationInstanceManager --  registerInstance --  jfrmSplash.java --  com.puntodeventa.mvc.Views.jfrmSplash --  main --  
Message: Listening for application instances on socket 44331
Date: Sat Mar 02 01:56:06 CST 2013
--------------------------------------------
Class name: ApplicationInstanceManager
Stacktrace : Thread.java --  java.lang.Thread --  getStackTrace --  LogHelper.java --  com.puntodeventa.global.Util.LogHelper --  Log --  ApplicationInstanceManager.java --  com.puntodeventa.global.SingleInstanceManager.ApplicationInstanceManager --  registerInstance --  jfrmSplash.java --  com.puntodeventa.mvc.Views.jfrmSplash --  main --  
Message: Listening for application instances on socket 44331
Date: Sat Mar 02 02:11:48 CST 2013
--------------------------------------------
Class name: ApplicationInstanceManager
Stacktrace : Thread.java --  java.lang.Thread --  getStackTrace --  LogHelper.java --  com.puntodeventa.global.Util.LogHelper --  Log --  ApplicationInstanceManager.java --  com.puntodeventa.global.SingleInstanceManager.ApplicationInstanceManager --  registerInstance --  jfrmSplash.java --  com.puntodeventa.mvc.Views.jfrmSplash --  main --  
Message: Listening for application instances on socket 44331
Date: Sat Mar 02 02:17:17 CST 2013
--------------------------------------------
Class name: ApplicationInstanceManager
Stacktrace : Thread.java --  java.lang.Thread --  getStackTrace --  LogHelper.java --  com.puntodeventa.global.Util.LogHelper --  Log --  ApplicationInstanceManager.java --  com.puntodeventa.global.SingleInstanceManager.ApplicationInstanceManager --  registerInstance --  jfrmSplash.java --  com.puntodeventa.mvc.Views.jfrmSplash --  main --  
Message: Listening for application instances on socket 44331
Date: Sat Mar 02 02:18:56 CST 2013
--------------------------------------------
Class name: ApplicationInstanceManager
Stacktrace : Thread.java --  java.lang.Thread --  getStackTrace --  LogHelper.java --  com.puntodeventa.global.Util.LogHelper --  Log --  ApplicationInstanceManager.java --  com.puntodeventa.global.SingleInstanceManager.ApplicationInstanceManager --  registerInstance --  jfrmSplash.java --  com.puntodeventa.mvc.Views.jfrmSplash --  main --  
Message: Listening for application instances on socket 44331
Date: Sat Mar 02 02:33:15 CST 2013
--------------------------------------------
Class name: ApplicationInstanceManager
Stacktrace : Thread.java --  java.lang.Thread --  getStackTrace --  LogHelper.java --  com.puntodeventa.global.Util.LogHelper --  Log --  ApplicationInstanceManager.java --  com.puntodeventa.global.SingleInstanceManager.ApplicationInstanceManager --  registerInstance --  jfrmSplash.java --  com.puntodeventa.mvc.Views.jfrmSplash --  main --  
Message: Listening for application instances on socket 44331
Date: Sat Mar 02 02:36:24 CST 2013
--------------------------------------------
Class name: ApplicationInstanceManager
Stacktrace : Thread.java --  java.lang.Thread --  getStackTrace --  LogHelper.java --  com.puntodeventa.global.Util.LogHelper --  Log --  ApplicationInstanceManager.java --  com.puntodeventa.global.SingleInstanceManager.ApplicationInstanceManager --  registerInstance --  jfrmSplash.java --  com.puntodeventa.mvc.Views.jfrmSplash --  main --  
Message: Listening for application instances on socket 44331
Date: Sat Mar 02 02:39:42 CST 2013
--------------------------------------------
Class name: ApplicationInstanceManager
Stacktrace : Thread.java --  java.lang.Thread --  getStackTrace --  LogHelper.java --  com.puntodeventa.global.Util.LogHelper --  Log --  ApplicationInstanceManager.java --  com.puntodeventa.global.SingleInstanceManager.ApplicationInstanceManager --  registerInstance --  jfrmSplash.java --  com.puntodeventa.mvc.Views.jfrmSplash --  main --  
Message: Listening for application instances on socket 44331
Date: Sat Mar 02 02:42:05 CST 2013
--------------------------------------------
Class name: ApplicationInstanceManager
Stacktrace : Thread.java --  java.lang.Thread --  getStackTrace --  LogHelper.java --  com.puntodeventa.global.Util.LogHelper --  Log --  ApplicationInstanceManager.java --  com.puntodeventa.global.SingleInstanceManager.ApplicationInstanceManager --  registerInstance --  jfrmSplash.java --  com.puntodeventa.mvc.Views.jfrmSplash --  main --  
Message: Listening for application instances on socket 44331
Date: Sat Mar 02 02:48:19 CST 2013
--------------------------------------------
Class name: ApplicationInstanceManager
Stacktrace : Thread.java --  java.lang.Thread --  getStackTrace --  LogHelper.java --  com.puntodeventa.global.Util.LogHelper --  Log --  ApplicationInstanceManager.java --  com.puntodeventa.global.SingleInstanceManager.ApplicationInstanceManager --  registerInstance --  jfrmSplash.java --  com.puntodeventa.mvc.Views.jfrmSplash --  main --  
Message: Listening for application instances on socket 44331
Date: Sat Mar 02 02:54:37 CST 2013
--------------------------------------------
Class name: ApplicationInstanceManager
Stacktrace : Thread.java --  java.lang.Thread --  getStackTrace --  LogHelper.java --  com.puntodeventa.global.Util.LogHelper --  Log --  ApplicationInstanceManager.java --  com.puntodeventa.global.SingleInstanceManager.ApplicationInstanceManager --  registerInstance --  jfrmSplash.java --  com.puntodeventa.mvc.Views.jfrmSplash --  main --  
Message: Listening for application instances on socket 44331
Date: Sat Mar 02 03:16:27 CST 2013
--------------------------------------------
Class name: ApplicationInstanceManager
Stacktrace : Thread.java --  java.lang.Thread --  getStackTrace --  LogHelper.java --  com.puntodeventa.global.Util.LogHelper --  Log --  ApplicationInstanceManager.java --  com.puntodeventa.global.SingleInstanceManager.ApplicationInstanceManager --  registerInstance --  jfrmSplash.java --  com.puntodeventa.mvc.Views.jfrmSplash --  main --  
Message: Listening for application instances on socket 44331
Date: Sat Mar 02 03:22:44 CST 2013
--------------------------------------------
Class name: ApplicationInstanceManager
Stacktrace : Thread.java --  java.lang.Thread --  getStackTrace --  LogHelper.java --  com.puntodeventa.global.Util.LogHelper --  Log --  ApplicationInstanceManager.java --  com.puntodeventa.global.SingleInstanceManager.ApplicationInstanceManager --  registerInstance --  jfrmSplash.java --  com.puntodeventa.mvc.Views.jfrmSplash --  main --  
Message: Listening for application instances on socket 44331
Date: Sat Mar 02 03:31:05 CST 2013
--------------------------------------------
Class name: ApplicationInstanceManager
Stacktrace : Thread.java --  java.lang.Thread --  getStackTrace --  LogHelper.java --  com.puntodeventa.global.Util.LogHelper --  Log --  ApplicationInstanceManager.java --  com.puntodeventa.global.SingleInstanceManager.ApplicationInstanceManager --  registerInstance --  jfrmSplash.java --  com.puntodeventa.mvc.Views.jfrmSplash --  main --  
Message: Listening for application instances on socket 44331
Date: Sat Mar 02 03:40:31 CST 2013
--------------------------------------------
Class name: ApplicationInstanceManager
Stacktrace : Thread.java --  java.lang.Thread --  getStackTrace --  LogHelper.java --  com.puntodeventa.global.Util.LogHelper --  Log --  ApplicationInstanceManager.java --  com.puntodeventa.global.SingleInstanceManager.ApplicationInstanceManager --  registerInstance --  jfrmSplash.java --  com.puntodeventa.mvc.Views.jfrmSplash --  main --  
Message: Listening for application instances on socket 44331
Date: Sat Mar 09 02:43:40 CST 2013
--------------------------------------------
Class name: VentaDAO
Stacktrace : Thread.java --  java.lang.Thread --  getStackTrace --  LogHelper.java --  com.puntodeventa.global.Util.LogHelper --  Log --  VentaDAO.java --  com.puntodeventa.services.DAO.VentaDAO --  manejaException --  VentaDAO.java --  com.puntodeventa.services.DAO.VentaDAO --  getCountVenta --  printCountVenta.java --  com.puntodeventa.global.report.viewer.printCountVenta --  getCountVenta --  jfrmReport.java --  com.puntodeventa.mvc.Views.jfrmReport --  jbtnGenerarActionPerformed --  jfrmReport.java --  com.puntodeventa.mvc.Views.jfrmReport --  access$000 --  jfrmReport.java --  com.puntodeventa.mvc.Views.jfrmReport$1 --  actionPerformed --  AbstractButton.java --  javax.swing.AbstractButton --  fireActionPerformed --  AbstractButton.java --  javax.swing.AbstractButton$Handler --  actionPerformed --  DefaultButtonModel.java --  javax.swing.DefaultButtonModel --  fireActionPerformed --  DefaultButtonModel.java --  javax.swing.DefaultButtonModel --  setPressed --  BasicButtonListener.java --  javax.swing.plaf.basic.BasicButtonListener --  mouseReleased --  Component.java --  java.awt.Component --  processMouseEvent --  JComponent.java --  javax.swing.JComponent --  processMouseEvent --  Component.java --  java.awt.Component --  processEvent --  Container.java --  java.awt.Container --  processEvent --  Component.java --  java.awt.Component --  dispatchEventImpl --  Container.java --  java.awt.Container --  dispatchEventImpl --  Component.java --  java.awt.Component --  dispatchEvent --  Container.java --  java.awt.LightweightDispatcher --  retargetMouseEvent --  Container.java --  java.awt.LightweightDispatcher --  processMouseEvent --  Container.java --  java.awt.LightweightDispatcher --  dispatchEvent --  Container.java --  java.awt.Container --  dispatchEventImpl --  Window.java --  java.awt.Window --  dispatchEventImpl --  Component.java --  java.awt.Component --  dispatchEvent --  EventQueue.java --  java.awt.EventQueue --  dispatchEventImpl --  EventQueue.java --  java.awt.EventQueue --  access$000 --  EventQueue.java --  java.awt.EventQueue$3 --  run --  EventQueue.java --  java.awt.EventQueue$3 --  run --  AccessController.java --  java.security.AccessController --  doPrivileged --  ProtectionDomain.java --  java.security.ProtectionDomain$1 --  doIntersectionPrivilege --  ProtectionDomain.java --  java.security.ProtectionDomain$1 --  doIntersectionPrivilege --  EventQueue.java --  java.awt.EventQueue$4 --  run --  EventQueue.java --  java.awt.EventQueue$4 --  run --  AccessController.java --  java.security.AccessController --  doPrivileged --  ProtectionDomain.java --  java.security.ProtectionDomain$1 --  doIntersectionPrivilege --  EventQueue.java --  java.awt.EventQueue --  dispatchEvent --  EventDispatchThread.java --  java.awt.EventDispatchThread --  pumpOneEventForFilters --  EventDispatchThread.java --  java.awt.EventDispatchThread --  pumpEventsForFilter --  EventDispatchThread.java --  java.awt.EventDispatchThread --  pumpEventsForHierarchy --  EventDispatchThread.java --  java.awt.EventDispatchThread --  pumpEvents --  EventDispatchThread.java --  java.awt.EventDispatchThread --  pumpEvents --  EventDispatchThread.java --  java.awt.EventDispatchThread --  run --  
Message: could not execute query
Date: Sat Mar 09 02:44:06 CST 2013
--------------------------------------------
Class name: ApplicationInstanceManager
Stacktrace : Thread.java --  java.lang.Thread --  getStackTrace --  LogHelper.java --  com.puntodeventa.global.Util.LogHelper --  Log --  ApplicationInstanceManager.java --  com.puntodeventa.global.SingleInstanceManager.ApplicationInstanceManager --  registerInstance --  jfrmSplash.java --  com.puntodeventa.mvc.Views.jfrmSplash --  main --  
Message: Listening for application instances on socket 44331
Date: Sat Mar 09 02:45:06 CST 2013
--------------------------------------------
Class name: ApplicationInstanceManager
Stacktrace : Thread.java --  java.lang.Thread --  getStackTrace --  LogHelper.java --  com.puntodeventa.global.Util.LogHelper --  Log --  ApplicationInstanceManager.java --  com.puntodeventa.global.SingleInstanceManager.ApplicationInstanceManager --  registerInstance --  jfrmSplash.java --  com.puntodeventa.mvc.Views.jfrmSplash --  main --  
Message: Listening for application instances on socket 44331
Date: Sat Mar 09 02:47:53 CST 2013
--------------------------------------------
Class name: ApplicationInstanceManager
Stacktrace : Thread.java --  java.lang.Thread --  getStackTrace --  LogHelper.java --  com.puntodeventa.global.Util.LogHelper --  Log --  ApplicationInstanceManager.java --  com.puntodeventa.global.SingleInstanceManager.ApplicationInstanceManager --  registerInstance --  jfrmSplash.java --  com.puntodeventa.mvc.Views.jfrmSplash --  main --  
Message: Listening for application instances on socket 44331
Date: Sat Mar 09 02:50:04 CST 2013
--------------------------------------------
Class name: ApplicationInstanceManager
Stacktrace : Thread.java --  java.lang.Thread --  getStackTrace --  LogHelper.java --  com.puntodeventa.global.Util.LogHelper --  Log --  ApplicationInstanceManager.java --  com.puntodeventa.global.SingleInstanceManager.ApplicationInstanceManager --  registerInstance --  jfrmSplash.java --  com.puntodeventa.mvc.Views.jfrmSplash --  main --  
Message: Listening for application instances on socket 44331
Date: Sat Mar 09 02:52:45 CST 2013
--------------------------------------------
Class name: ApplicationInstanceManager
Stacktrace : Thread.java --  java.lang.Thread --  getStackTrace --  LogHelper.java --  com.puntodeventa.global.Util.LogHelper --  Log --  ApplicationInstanceManager.java --  com.puntodeventa.global.SingleInstanceManager.ApplicationInstanceManager --  registerInstance --  jfrmSplash.java --  com.puntodeventa.mvc.Views.jfrmSplash --  main --  
Message: Listening for application instances on socket 44331
Date: Sat Mar 09 03:01:03 CST 2013
--------------------------------------------
Class name: ApplicationInstanceManager
Stacktrace : Thread.java --  java.lang.Thread --  getStackTrace --  LogHelper.java --  com.puntodeventa.global.Util.LogHelper --  Log --  ApplicationInstanceManager.java --  com.puntodeventa.global.SingleInstanceManager.ApplicationInstanceManager --  registerInstance --  jfrmSplash.java --  com.puntodeventa.mvc.Views.jfrmSplash --  main --  
Message: Listening for application instances on socket 44331
Date: Sat Mar 09 03:27:31 CST 2013
--------------------------------------------
Class name: ApplicationInstanceManager
Stacktrace : Thread.java --  java.lang.Thread --  getStackTrace --  LogHelper.java --  com.puntodeventa.global.Util.LogHelper --  Log --  ApplicationInstanceManager.java --  com.puntodeventa.global.SingleInstanceManager.ApplicationInstanceManager --  registerInstance --  jfrmSplash.java --  com.puntodeventa.mvc.Views.jfrmSplash --  main --  
Message: Listening for application instances on socket 44331
Date: Sat Mar 09 04:51:13 CST 2013
--------------------------------------------
Class name: ApplicationInstanceManager
Stacktrace : Thread.java --  java.lang.Thread --  getStackTrace --  LogHelper.java --  com.puntodeventa.global.Util.LogHelper --  Log --  ApplicationInstanceManager.java --  com.puntodeventa.global.SingleInstanceManager.ApplicationInstanceManager --  registerInstance --  jfrmSplash.java --  com.puntodeventa.mvc.Views.jfrmSplash --  main --  
Message: Listening for application instances on socket 44331
Date: Sat Mar 09 05:00:12 CST 2013
--------------------------------------------
Class name: ApplicationInstanceManager
Stacktrace : Thread.java --  java.lang.Thread --  getStackTrace --  LogHelper.java --  com.puntodeventa.global.Util.LogHelper --  Log --  ApplicationInstanceManager.java --  com.puntodeventa.global.SingleInstanceManager.ApplicationInstanceManager --  registerInstance --  jfrmSplash.java --  com.puntodeventa.mvc.Views.jfrmSplash --  main --  
Message: Listening for application instances on socket 44331
Date: Sat Mar 09 05:02:53 CST 2013
--------------------------------------------
Class name: ApplicationInstanceManager
Stacktrace : Thread.java --  java.lang.Thread --  getStackTrace --  LogHelper.java --  com.puntodeventa.global.Util.LogHelper --  Log --  ApplicationInstanceManager.java --  com.puntodeventa.global.SingleInstanceManager.ApplicationInstanceManager --  registerInstance --  jfrmSplash.java --  com.puntodeventa.mvc.Views.jfrmSplash --  main --  
Message: Listening for application instances on socket 44331
Date: Sun Mar 10 08:32:25 CST 2013
---------------------------------------------
Class name: jfrmSplash
Stacktrace : Thread.java --  java.lang.Thread --  getStackTrace --  LogHelper.java --  com.puntodeventa.global.Util.LogHelper --  Log --  jfrmLogin.java --  com.puntodeventa.mvc.Views.jfrmLogin --  jBtnEntrarActionPerformed --  jfrmLogin.java --  com.puntodeventa.mvc.Views.jfrmLogin --  access$300 --  jfrmLogin.java --  com.puntodeventa.mvc.Views.jfrmLogin$4 --  actionPerformed --  AbstractButton.java --  javax.swing.AbstractButton --  fireActionPerformed --  AbstractButton.java --  javax.swing.AbstractButton$Handler --  actionPerformed --  DefaultButtonModel.java --  javax.swing.DefaultButtonModel --  fireActionPerformed --  DefaultButtonModel.java --  javax.swing.DefaultButtonModel --  setPressed --  AbstractButton.java --  javax.swing.AbstractButton --  doClick --  AbstractButton.java --  javax.swing.AbstractButton --  doClick --  jfrmLogin.java --  com.puntodeventa.mvc.Views.jfrmLogin --  jtxtContrasenaKeyTyped --  jfrmLogin.java --  com.puntodeventa.mvc.Views.jfrmLogin --  access$600 --  jfrmLogin.java --  com.puntodeventa.mvc.Views.jfrmLogin$7 --  keyTyped --  Component.java --  java.awt.Component --  processKeyEvent --  JComponent.java --  javax.swing.JComponent --  processKeyEvent --  Component.java --  java.awt.Component --  processEvent --  Container.java --  java.awt.Container --  processEvent --  Component.java --  java.awt.Component --  dispatchEventImpl --  Container.java --  java.awt.Container --  dispatchEventImpl --  Component.java --  java.awt.Component --  dispatchEvent --  KeyboardFocusManager.java --  java.awt.KeyboardFocusManager --  redispatchEvent --  DefaultKeyboardFocusManager.java --  java.awt.DefaultKeyboardFocusManager --  dispatchKeyEvent --  DefaultKeyboardFocusManager.java --  java.awt.DefaultKeyboardFocusManager --  preDispatchKeyEvent --  DefaultKeyboardFocusManager.java --  java.awt.DefaultKeyboardFocusManager --  typeAheadAssertions --  DefaultKeyboardFocusManager.java --  java.awt.DefaultKeyboardFocusManager --  dispatchEvent --  Component.java --  java.awt.Component --  dispatchEventImpl --  Container.java --  java.awt.Container --  dispatchEventImpl --  Window.java --  java.awt.Window --  dispatchEventImpl --  Component.java --  java.awt.Component --  dispatchEvent --  EventQueue.java --  java.awt.EventQueue --  dispatchEventImpl --  EventQueue.java --  java.awt.EventQueue --  access$200 --  EventQueue.java --  java.awt.EventQueue$3 --  run --  EventQueue.java --  java.awt.EventQueue$3 --  run --  AccessController.java --  java.security.AccessController --  doPrivileged --  ProtectionDomain.java --  java.security.ProtectionDomain$1 --  doIntersectionPrivilege --  ProtectionDomain.java --  java.security.ProtectionDomain$1 --  doIntersectionPrivilege --  EventQueue.java --  java.awt.EventQueue$4 --  run --  EventQueue.java --  java.awt.EventQueue$4 --  run --  AccessController.java --  java.security.AccessController --  doPrivileged --  ProtectionDomain.java --  java.security.ProtectionDomain$1 --  doIntersectionPrivilege --  EventQueue.java --  java.awt.EventQueue --  dispatchEvent --  EventDispatchThread.java --  java.awt.EventDispatchThread --  pumpOneEventForFilters --  EventDispatchThread.java --  java.awt.EventDispatchThread --  pumpEventsForFilter --  EventDispatchThread.java --  java.awt.EventDispatchThread --  pumpEventsForHierarchy --  EventDispatchThread.java --  java.awt.EventDispatchThread --  pumpEvents --  EventDispatchThread.java --  java.awt.EventDispatchThread --  pumpEvents --  EventDispatchThread.java --  java.awt.EventDispatchThread --  run --  
Message: null
Date: Sun May 19 18:51:04 CDT 2013
--------------------------------------------
Class name: jfrmSplash
Stacktrace : Thread.java --  java.lang.Thread --  getStackTrace --  LogHelper.java --  com.puntodeventa.global.Util.LogHelper --  Log --  jfrmLogin.java --  com.puntodeventa.mvc.Views.jfrmLogin --  jBtnEntrarActionPerformed --  jfrmLogin.java --  com.puntodeventa.mvc.Views.jfrmLogin --  access$300 --  jfrmLogin.java --  com.puntodeventa.mvc.Views.jfrmLogin$4 --  actionPerformed --  AbstractButton.java --  javax.swing.AbstractButton --  fireActionPerformed --  AbstractButton.java --  javax.swing.AbstractButton$Handler --  actionPerformed --  DefaultButtonModel.java --  javax.swing.DefaultButtonModel --  fireActionPerformed --  DefaultButtonModel.java --  javax.swing.DefaultButtonModel --  setPressed --  AbstractButton.java --  javax.swing.AbstractButton --  doClick --  AbstractButton.java --  javax.swing.AbstractButton --  doClick --  jfrmLogin.java --  com.puntodeventa.mvc.Views.jfrmLogin --  jtxtContrasenaKeyTyped --  jfrmLogin.java --  com.puntodeventa.mvc.Views.jfrmLogin --  access$600 --  jfrmLogin.java --  com.puntodeventa.mvc.Views.jfrmLogin$7 --  keyTyped --  Component.java --  java.awt.Component --  processKeyEvent --  JComponent.java --  javax.swing.JComponent --  processKeyEvent --  Component.java --  java.awt.Component --  processEvent --  Container.java --  java.awt.Container --  processEvent --  Component.java --  java.awt.Component --  dispatchEventImpl --  Container.java --  java.awt.Container --  dispatchEventImpl --  Component.java --  java.awt.Component --  dispatchEvent --  KeyboardFocusManager.java --  java.awt.KeyboardFocusManager --  redispatchEvent --  DefaultKeyboardFocusManager.java --  java.awt.DefaultKeyboardFocusManager --  dispatchKeyEvent --  DefaultKeyboardFocusManager.java --  java.awt.DefaultKeyboardFocusManager --  preDispatchKeyEvent --  DefaultKeyboardFocusManager.java --  java.awt.DefaultKeyboardFocusManager --  typeAheadAssertions --  DefaultKeyboardFocusManager.java --  java.awt.DefaultKeyboardFocusManager --  dispatchEvent --  Component.java --  java.awt.Component --  dispatchEventImpl --  Container.java --  java.awt.Container --  dispatchEventImpl --  Window.java --  java.awt.Window --  dispatchEventImpl --  Component.java --  java.awt.Component --  dispatchEvent --  EventQueue.java --  java.awt.EventQueue --  dispatchEventImpl --  EventQueue.java --  java.awt.EventQueue --  access$200 --  EventQueue.java --  java.awt.EventQueue$3 --  run --  EventQueue.java --  java.awt.EventQueue$3 --  run --  AccessController.java --  java.security.AccessController --  doPrivileged --  ProtectionDomain.java --  java.security.ProtectionDomain$1 --  doIntersectionPrivilege --  ProtectionDomain.java --  java.security.ProtectionDomain$1 --  doIntersectionPrivilege --  EventQueue.java --  java.awt.EventQueue$4 --  run --  EventQueue.java --  java.awt.EventQueue$4 --  run --  AccessController.java --  java.security.AccessController --  doPrivileged --  ProtectionDomain.java --  java.security.ProtectionDomain$1 --  doIntersectionPrivilege --  EventQueue.java --  java.awt.EventQueue --  dispatchEvent --  EventDispatchThread.java --  java.awt.EventDispatchThread --  pumpOneEventForFilters --  EventDispatchThread.java --  java.awt.EventDispatchThread --  pumpEventsForFilter --  EventDispatchThread.java --  java.awt.EventDispatchThread --  pumpEventsForHierarchy --  EventDispatchThread.java --  java.awt.EventDispatchThread --  pumpEvents --  EventDispatchThread.java --  java.awt.EventDispatchThread --  pumpEvents --  EventDispatchThread.java --  java.awt.EventDispatchThread --  run --  
Message: null
Date: Sun May 19 18:52:47 CDT 2013
--------------------------------------------
Class name: jfrmSplash
Stacktrace : Thread.java --  java.lang.Thread --  getStackTrace --  LogHelper.java --  com.puntodeventa.global.Util.LogHelper --  Log --  jfrmLogin.java --  com.puntodeventa.mvc.Views.jfrmLogin --  jBtnEntrarActionPerformed --  jfrmLogin.java --  com.puntodeventa.mvc.Views.jfrmLogin --  access$300 --  jfrmLogin.java --  com.puntodeventa.mvc.Views.jfrmLogin$4 --  actionPerformed --  AbstractButton.java --  javax.swing.AbstractButton --  fireActionPerformed --  AbstractButton.java --  javax.swing.AbstractButton$Handler --  actionPerformed --  DefaultButtonModel.java --  javax.swing.DefaultButtonModel --  fireActionPerformed --  DefaultButtonModel.java --  javax.swing.DefaultButtonModel --  setPressed --  AbstractButton.java --  javax.swing.AbstractButton --  doClick --  AbstractButton.java --  javax.swing.AbstractButton --  doClick --  jfrmLogin.java --  com.puntodeventa.mvc.Views.jfrmLogin --  jtxtContrasenaKeyTyped --  jfrmLogin.java --  com.puntodeventa.mvc.Views.jfrmLogin --  access$600 --  jfrmLogin.java --  com.puntodeventa.mvc.Views.jfrmLogin$7 --  keyTyped --  Component.java --  java.awt.Component --  processKeyEvent --  JComponent.java --  javax.swing.JComponent --  processKeyEvent --  Component.java --  java.awt.Component --  processEvent --  Container.java --  java.awt.Container --  processEvent --  Component.java --  java.awt.Component --  dispatchEventImpl --  Container.java --  java.awt.Container --  dispatchEventImpl --  Component.java --  java.awt.Component --  dispatchEvent --  KeyboardFocusManager.java --  java.awt.KeyboardFocusManager --  redispatchEvent --  DefaultKeyboardFocusManager.java --  java.awt.DefaultKeyboardFocusManager --  dispatchKeyEvent --  DefaultKeyboardFocusManager.java --  java.awt.DefaultKeyboardFocusManager --  preDispatchKeyEvent --  DefaultKeyboardFocusManager.java --  java.awt.DefaultKeyboardFocusManager --  typeAheadAssertions --  DefaultKeyboardFocusManager.java --  java.awt.DefaultKeyboardFocusManager --  dispatchEvent --  Component.java --  java.awt.Component --  dispatchEventImpl --  Container.java --  java.awt.Container --  dispatchEventImpl --  Window.java --  java.awt.Window --  dispatchEventImpl --  Component.java --  java.awt.Component --  dispatchEvent --  EventQueue.java --  java.awt.EventQueue --  dispatchEventImpl --  EventQueue.java --  java.awt.EventQueue --  access$200 --  EventQueue.java --  java.awt.EventQueue$3 --  run --  EventQueue.java --  java.awt.EventQueue$3 --  run --  AccessController.java --  java.security.AccessController --  doPrivileged --  ProtectionDomain.java --  java.security.ProtectionDomain$1 --  doIntersectionPrivilege --  ProtectionDomain.java --  java.security.ProtectionDomain$1 --  doIntersectionPrivilege --  EventQueue.java --  java.awt.EventQueue$4 --  run --  EventQueue.java --  java.awt.EventQueue$4 --  run --  AccessController.java --  java.security.AccessController --  doPrivileged --  ProtectionDomain.java --  java.security.ProtectionDomain$1 --  doIntersectionPrivilege --  EventQueue.java --  java.awt.EventQueue --  dispatchEvent --  EventDispatchThread.java --  java.awt.EventDispatchThread --  pumpOneEventForFilters --  EventDispatchThread.java --  java.awt.EventDispatchThread --  pumpEventsForFilter --  EventDispatchThread.java --  java.awt.EventDispatchThread --  pumpEventsForHierarchy --  EventDispatchThread.java --  java.awt.EventDispatchThread --  pumpEvents --  EventDispatchThread.java --  java.awt.EventDispatchThread --  pumpEvents --  EventDispatchThread.java --  java.awt.EventDispatchThread --  run --  
Message: null
Date: Sun May 19 18:53:25 CDT 2013
--------------------------------------------
Class name: jfrmSplash
Stacktrace : Thread.java --  java.lang.Thread --  getStackTrace --  LogHelper.java --  com.puntodeventa.global.Util.LogHelper --  Log --  jfrmLogin.java --  com.puntodeventa.mvc.Views.jfrmLogin --  jBtnEntrarActionPerformed --  jfrmLogin.java --  com.puntodeventa.mvc.Views.jfrmLogin --  access$300 --  jfrmLogin.java --  com.puntodeventa.mvc.Views.jfrmLogin$4 --  actionPerformed --  AbstractButton.java --  javax.swing.AbstractButton --  fireActionPerformed --  AbstractButton.java --  javax.swing.AbstractButton$Handler --  actionPerformed --  DefaultButtonModel.java --  javax.swing.DefaultButtonModel --  fireActionPerformed --  DefaultButtonModel.java --  javax.swing.DefaultButtonModel --  setPressed --  AbstractButton.java --  javax.swing.AbstractButton --  doClick --  AbstractButton.java --  javax.swing.AbstractButton --  doClick --  jfrmLogin.java --  com.puntodeventa.mvc.Views.jfrmLogin --  jtxtContrasenaKeyTyped --  jfrmLogin.java --  com.puntodeventa.mvc.Views.jfrmLogin --  access$600 --  jfrmLogin.java --  com.puntodeventa.mvc.Views.jfrmLogin$7 --  keyTyped --  Component.java --  java.awt.Component --  processKeyEvent --  JComponent.java --  javax.swing.JComponent --  processKeyEvent --  Component.java --  java.awt.Component --  processEvent --  Container.java --  java.awt.Container --  processEvent --  Component.java --  java.awt.Component --  dispatchEventImpl --  Container.java --  java.awt.Container --  dispatchEventImpl --  Component.java --  java.awt.Component --  dispatchEvent --  KeyboardFocusManager.java --  java.awt.KeyboardFocusManager --  redispatchEvent --  DefaultKeyboardFocusManager.java --  java.awt.DefaultKeyboardFocusManager --  dispatchKeyEvent --  DefaultKeyboardFocusManager.java --  java.awt.DefaultKeyboardFocusManager --  preDispatchKeyEvent --  DefaultKeyboardFocusManager.java --  java.awt.DefaultKeyboardFocusManager --  typeAheadAssertions --  DefaultKeyboardFocusManager.java --  java.awt.DefaultKeyboardFocusManager --  dispatchEvent --  Component.java --  java.awt.Component --  dispatchEventImpl --  Container.java --  java.awt.Container --  dispatchEventImpl --  Window.java --  java.awt.Window --  dispatchEventImpl --  Component.java --  java.awt.Component --  dispatchEvent --  EventQueue.java --  java.awt.EventQueue --  dispatchEventImpl --  EventQueue.java --  java.awt.EventQueue --  access$200 --  EventQueue.java --  java.awt.EventQueue$3 --  run --  EventQueue.java --  java.awt.EventQueue$3 --  run --  AccessController.java --  java.security.AccessController --  doPrivileged --  ProtectionDomain.java --  java.security.ProtectionDomain$1 --  doIntersectionPrivilege --  ProtectionDomain.java --  java.security.ProtectionDomain$1 --  doIntersectionPrivilege --  EventQueue.java --  java.awt.EventQueue$4 --  run --  EventQueue.java --  java.awt.EventQueue$4 --  run --  AccessController.java --  java.security.AccessController --  doPrivileged --  ProtectionDomain.java --  java.security.ProtectionDomain$1 --  doIntersectionPrivilege --  EventQueue.java --  java.awt.EventQueue --  dispatchEvent --  EventDispatchThread.java --  java.awt.EventDispatchThread --  pumpOneEventForFilters --  EventDispatchThread.java --  java.awt.EventDispatchThread --  pumpEventsForFilter --  EventDispatchThread.java --  java.awt.EventDispatchThread --  pumpEventsForHierarchy --  EventDispatchThread.java --  java.awt.EventDispatchThread --  pumpEvents --  EventDispatchThread.java --  java.awt.EventDispatchThread --  pumpEvents --  EventDispatchThread.java --  java.awt.EventDispatchThread --  run --  
Message: null
Date: Sun May 19 18:54:59 CDT 2013
--------------------------------------------
Class name: jfrmSplash
Stacktrace : Thread.java --  java.lang.Thread --  getStackTrace --  LogHelper.java --  com.puntodeventa.global.Util.LogHelper --  Log --  jfrmLogin.java --  com.puntodeventa.mvc.Views.jfrmLogin --  jBtnEntrarActionPerformed --  jfrmLogin.java --  com.puntodeventa.mvc.Views.jfrmLogin --  access$300 --  jfrmLogin.java --  com.puntodeventa.mvc.Views.jfrmLogin$4 --  actionPerformed --  AbstractButton.java --  javax.swing.AbstractButton --  fireActionPerformed --  AbstractButton.java --  javax.swing.AbstractButton$Handler --  actionPerformed --  DefaultButtonModel.java --  javax.swing.DefaultButtonModel --  fireActionPerformed --  DefaultButtonModel.java --  javax.swing.DefaultButtonModel --  setPressed --  AbstractButton.java --  javax.swing.AbstractButton --  doClick --  AbstractButton.java --  javax.swing.AbstractButton --  doClick --  jfrmLogin.java --  com.puntodeventa.mvc.Views.jfrmLogin --  jtxtContrasenaKeyTyped --  jfrmLogin.java --  com.puntodeventa.mvc.Views.jfrmLogin --  access$600 --  jfrmLogin.java --  com.puntodeventa.mvc.Views.jfrmLogin$7 --  keyTyped --  Component.java --  java.awt.Component --  processKeyEvent --  JComponent.java --  javax.swing.JComponent --  processKeyEvent --  Component.java --  java.awt.Component --  processEvent --  Container.java --  java.awt.Container --  processEvent --  Component.java --  java.awt.Component --  dispatchEventImpl --  Container.java --  java.awt.Container --  dispatchEventImpl --  Component.java --  java.awt.Component --  dispatchEvent --  KeyboardFocusManager.java --  java.awt.KeyboardFocusManager --  redispatchEvent --  DefaultKeyboardFocusManager.java --  java.awt.DefaultKeyboardFocusManager --  dispatchKeyEvent --  DefaultKeyboardFocusManager.java --  java.awt.DefaultKeyboardFocusManager --  preDispatchKeyEvent --  DefaultKeyboardFocusManager.java --  java.awt.DefaultKeyboardFocusManager --  typeAheadAssertions --  DefaultKeyboardFocusManager.java --  java.awt.DefaultKeyboardFocusManager --  dispatchEvent --  Component.java --  java.awt.Component --  dispatchEventImpl --  Container.java --  java.awt.Container --  dispatchEventImpl --  Window.java --  java.awt.Window --  dispatchEventImpl --  Component.java --  java.awt.Component --  dispatchEvent --  EventQueue.java --  java.awt.EventQueue --  dispatchEventImpl --  EventQueue.java --  java.awt.EventQueue --  access$200 --  EventQueue.java --  java.awt.EventQueue$3 --  run --  EventQueue.java --  java.awt.EventQueue$3 --  run --  AccessController.java --  java.security.AccessController --  doPrivileged --  ProtectionDomain.java --  java.security.ProtectionDomain$1 --  doIntersectionPrivilege --  ProtectionDomain.java --  java.security.ProtectionDomain$1 --  doIntersectionPrivilege --  EventQueue.java --  java.awt.EventQueue$4 --  run --  EventQueue.java --  java.awt.EventQueue$4 --  run --  AccessController.java --  java.security.AccessController --  doPrivileged --  ProtectionDomain.java --  java.security.ProtectionDomain$1 --  doIntersectionPrivilege --  EventQueue.java --  java.awt.EventQueue --  dispatchEvent --  EventDispatchThread.java --  java.awt.EventDispatchThread --  pumpOneEventForFilters --  EventDispatchThread.java --  java.awt.EventDispatchThread --  pumpEventsForFilter --  EventDispatchThread.java --  java.awt.EventDispatchThread --  pumpEventsForHierarchy --  EventDispatchThread.java --  java.awt.EventDispatchThread --  pumpEvents --  EventDispatchThread.java --  java.awt.EventDispatchThread --  pumpEvents --  EventDispatchThread.java --  java.awt.EventDispatchThread --  run --  
Message: null
Date: Sun May 19 18:56:35 CDT 2013
--------------------------------------------
Class name: jfrmSplash
Stacktrace : Thread.java --  java.lang.Thread --  getStackTrace --  LogHelper.java --  com.puntodeventa.global.Util.LogHelper --  Log --  jfrmLogin.java --  com.puntodeventa.mvc.Views.jfrmLogin --  jBtnEntrarActionPerformed --  jfrmLogin.java --  com.puntodeventa.mvc.Views.jfrmLogin --  access$300 --  jfrmLogin.java --  com.puntodeventa.mvc.Views.jfrmLogin$4 --  actionPerformed --  AbstractButton.java --  javax.swing.AbstractButton --  fireActionPerformed --  AbstractButton.java --  javax.swing.AbstractButton$Handler --  actionPerformed --  DefaultButtonModel.java --  javax.swing.DefaultButtonModel --  fireActionPerformed --  DefaultButtonModel.java --  javax.swing.DefaultButtonModel --  setPressed --  AbstractButton.java --  javax.swing.AbstractButton --  doClick --  AbstractButton.java --  javax.swing.AbstractButton --  doClick --  jfrmLogin.java --  com.puntodeventa.mvc.Views.jfrmLogin --  jtxtContrasenaKeyTyped --  jfrmLogin.java --  com.puntodeventa.mvc.Views.jfrmLogin --  access$600 --  jfrmLogin.java --  com.puntodeventa.mvc.Views.jfrmLogin$7 --  keyTyped --  Component.java --  java.awt.Component --  processKeyEvent --  JComponent.java --  javax.swing.JComponent --  processKeyEvent --  Component.java --  java.awt.Component --  processEvent --  Container.java --  java.awt.Container --  processEvent --  Component.java --  java.awt.Component --  dispatchEventImpl --  Container.java --  java.awt.Container --  dispatchEventImpl --  Component.java --  java.awt.Component --  dispatchEvent --  KeyboardFocusManager.java --  java.awt.KeyboardFocusManager --  redispatchEvent --  DefaultKeyboardFocusManager.java --  java.awt.DefaultKeyboardFocusManager --  dispatchKeyEvent --  DefaultKeyboardFocusManager.java --  java.awt.DefaultKeyboardFocusManager --  preDispatchKeyEvent --  DefaultKeyboardFocusManager.java --  java.awt.DefaultKeyboardFocusManager --  typeAheadAssertions --  DefaultKeyboardFocusManager.java --  java.awt.DefaultKeyboardFocusManager --  dispatchEvent --  Component.java --  java.awt.Component --  dispatchEventImpl --  Container.java --  java.awt.Container --  dispatchEventImpl --  Window.java --  java.awt.Window --  dispatchEventImpl --  Component.java --  java.awt.Component --  dispatchEvent --  EventQueue.java --  java.awt.EventQueue --  dispatchEventImpl --  EventQueue.java --  java.awt.EventQueue --  access$200 --  EventQueue.java --  java.awt.EventQueue$3 --  run --  EventQueue.java --  java.awt.EventQueue$3 --  run --  AccessController.java --  java.security.AccessController --  doPrivileged --  ProtectionDomain.java --  java.security.ProtectionDomain$1 --  doIntersectionPrivilege --  ProtectionDomain.java --  java.security.ProtectionDomain$1 --  doIntersectionPrivilege --  EventQueue.java --  java.awt.EventQueue$4 --  run --  EventQueue.java --  java.awt.EventQueue$4 --  run --  AccessController.java --  java.security.AccessController --  doPrivileged --  ProtectionDomain.java --  java.security.ProtectionDomain$1 --  doIntersectionPrivilege --  EventQueue.java --  java.awt.EventQueue --  dispatchEvent --  EventDispatchThread.java --  java.awt.EventDispatchThread --  pumpOneEventForFilters --  EventDispatchThread.java --  java.awt.EventDispatchThread --  pumpEventsForFilter --  EventDispatchThread.java --  java.awt.EventDispatchThread --  pumpEventsForHierarchy --  EventDispatchThread.java --  java.awt.EventDispatchThread --  pumpEvents --  EventDispatchThread.java --  java.awt.EventDispatchThread --  pumpEvents --  EventDispatchThread.java --  java.awt.EventDispatchThread --  run --  
Message: null
Date: Sun May 19 18:59:35 CDT 2013
--------------------------------------------
Class name: jfrmSplash
Stacktrace : Thread.java --  java.lang.Thread --  getStackTrace --  LogHelper.java --  com.puntodeventa.global.Util.LogHelper --  Log --  jfrmLogin.java --  com.puntodeventa.mvc.Views.jfrmLogin --  jBtnEntrarActionPerformed --  jfrmLogin.java --  com.puntodeventa.mvc.Views.jfrmLogin --  access$300 --  jfrmLogin.java --  com.puntodeventa.mvc.Views.jfrmLogin$4 --  actionPerformed --  AbstractButton.java --  javax.swing.AbstractButton --  fireActionPerformed --  AbstractButton.java --  javax.swing.AbstractButton$Handler --  actionPerformed --  DefaultButtonModel.java --  javax.swing.DefaultButtonModel --  fireActionPerformed --  DefaultButtonModel.java --  javax.swing.DefaultButtonModel --  setPressed --  AbstractButton.java --  javax.swing.AbstractButton --  doClick --  AbstractButton.java --  javax.swing.AbstractButton --  doClick --  jfrmLogin.java --  com.puntodeventa.mvc.Views.jfrmLogin --  jtxtContrasenaKeyTyped --  jfrmLogin.java --  com.puntodeventa.mvc.Views.jfrmLogin --  access$600 --  jfrmLogin.java --  com.puntodeventa.mvc.Views.jfrmLogin$7 --  keyTyped --  Component.java --  java.awt.Component --  processKeyEvent --  JComponent.java --  javax.swing.JComponent --  processKeyEvent --  Component.java --  java.awt.Component --  processEvent --  Container.java --  java.awt.Container --  processEvent --  Component.java --  java.awt.Component --  dispatchEventImpl --  Container.java --  java.awt.Container --  dispatchEventImpl --  Component.java --  java.awt.Component --  dispatchEvent --  KeyboardFocusManager.java --  java.awt.KeyboardFocusManager --  redispatchEvent --  DefaultKeyboardFocusManager.java --  java.awt.DefaultKeyboardFocusManager --  dispatchKeyEvent --  DefaultKeyboardFocusManager.java --  java.awt.DefaultKeyboardFocusManager --  preDispatchKeyEvent --  DefaultKeyboardFocusManager.java --  java.awt.DefaultKeyboardFocusManager --  typeAheadAssertions --  DefaultKeyboardFocusManager.java --  java.awt.DefaultKeyboardFocusManager --  dispatchEvent --  Component.java --  java.awt.Component --  dispatchEventImpl --  Container.java --  java.awt.Container --  dispatchEventImpl --  Window.java --  java.awt.Window --  dispatchEventImpl --  Component.java --  java.awt.Component --  dispatchEvent --  EventQueue.java --  java.awt.EventQueue --  dispatchEventImpl --  EventQueue.java --  java.awt.EventQueue --  access$200 --  EventQueue.java --  java.awt.EventQueue$3 --  run --  EventQueue.java --  java.awt.EventQueue$3 --  run --  AccessController.java --  java.security.AccessController --  doPrivileged --  ProtectionDomain.java --  java.security.ProtectionDomain$1 --  doIntersectionPrivilege --  ProtectionDomain.java --  java.security.ProtectionDomain$1 --  doIntersectionPrivilege --  EventQueue.java --  java.awt.EventQueue$4 --  run --  EventQueue.java --  java.awt.EventQueue$4 --  run --  AccessController.java --  java.security.AccessController --  doPrivileged --  ProtectionDomain.java --  java.security.ProtectionDomain$1 --  doIntersectionPrivilege --  EventQueue.java --  java.awt.EventQueue --  dispatchEvent --  EventDispatchThread.java --  java.awt.EventDispatchThread --  pumpOneEventForFilters --  EventDispatchThread.java --  java.awt.EventDispatchThread --  pumpEventsForFilter --  EventDispatchThread.java --  java.awt.EventDispatchThread --  pumpEventsForHierarchy --  EventDispatchThread.java --  java.awt.EventDispatchThread --  pumpEvents --  EventDispatchThread.java --  java.awt.EventDispatchThread --  pumpEvents --  EventDispatchThread.java --  java.awt.EventDispatchThread --  run --  
Message: null
Date: Sun May 19 19:02:45 CDT 2013
--------------------------------------------
Class name: jfrmSplash
Stacktrace : Thread.java --  java.lang.Thread --  getStackTrace --  LogHelper.java --  com.puntodeventa.global.Util.LogHelper --  Log --  jfrmLogin.java --  com.puntodeventa.mvc.Views.jfrmLogin --  jBtnEntrarActionPerformed --  jfrmLogin.java --  com.puntodeventa.mvc.Views.jfrmLogin --  access$300 --  jfrmLogin.java --  com.puntodeventa.mvc.Views.jfrmLogin$4 --  actionPerformed --  AbstractButton.java --  javax.swing.AbstractButton --  fireActionPerformed --  AbstractButton.java --  javax.swing.AbstractButton$Handler --  actionPerformed --  DefaultButtonModel.java --  javax.swing.DefaultButtonModel --  fireActionPerformed --  DefaultButtonModel.java --  javax.swing.DefaultButtonModel --  setPressed --  AbstractButton.java --  javax.swing.AbstractButton --  doClick --  AbstractButton.java --  javax.swing.AbstractButton --  doClick --  jfrmLogin.java --  com.puntodeventa.mvc.Views.jfrmLogin --  jtxtContrasenaKeyTyped --  jfrmLogin.java --  com.puntodeventa.mvc.Views.jfrmLogin --  access$600 --  jfrmLogin.java --  com.puntodeventa.mvc.Views.jfrmLogin$7 --  keyTyped --  Component.java --  java.awt.Component --  processKeyEvent --  JComponent.java --  javax.swing.JComponent --  processKeyEvent --  Component.java --  java.awt.Component --  processEvent --  Container.java --  java.awt.Container --  processEvent --  Component.java --  java.awt.Component --  dispatchEventImpl --  Container.java --  java.awt.Container --  dispatchEventImpl --  Component.java --  java.awt.Component --  dispatchEvent --  KeyboardFocusManager.java --  java.awt.KeyboardFocusManager --  redispatchEvent --  DefaultKeyboardFocusManager.java --  java.awt.DefaultKeyboardFocusManager --  dispatchKeyEvent --  DefaultKeyboardFocusManager.java --  java.awt.DefaultKeyboardFocusManager --  preDispatchKeyEvent --  DefaultKeyboardFocusManager.java --  java.awt.DefaultKeyboardFocusManager --  typeAheadAssertions --  DefaultKeyboardFocusManager.java --  java.awt.DefaultKeyboardFocusManager --  dispatchEvent --  Component.java --  java.awt.Component --  dispatchEventImpl --  Container.java --  java.awt.Container --  dispatchEventImpl --  Window.java --  java.awt.Window --  dispatchEventImpl --  Component.java --  java.awt.Component --  dispatchEvent --  EventQueue.java --  java.awt.EventQueue --  dispatchEventImpl --  EventQueue.java --  java.awt.EventQueue --  access$200 --  EventQueue.java --  java.awt.EventQueue$3 --  run --  EventQueue.java --  java.awt.EventQueue$3 --  run --  AccessController.java --  java.security.AccessController --  doPrivileged --  ProtectionDomain.java --  java.security.ProtectionDomain$1 --  doIntersectionPrivilege --  ProtectionDomain.java --  java.security.ProtectionDomain$1 --  doIntersectionPrivilege --  EventQueue.java --  java.awt.EventQueue$4 --  run --  EventQueue.java --  java.awt.EventQueue$4 --  run --  AccessController.java --  java.security.AccessController --  doPrivileged --  ProtectionDomain.java --  java.security.ProtectionDomain$1 --  doIntersectionPrivilege --  EventQueue.java --  java.awt.EventQueue --  dispatchEvent --  EventDispatchThread.java --  java.awt.EventDispatchThread --  pumpOneEventForFilters --  EventDispatchThread.java --  java.awt.EventDispatchThread --  pumpEventsForFilter --  EventDispatchThread.java --  java.awt.EventDispatchThread --  pumpEventsForHierarchy --  EventDispatchThread.java --  java.awt.EventDispatchThread --  pumpEvents --  EventDispatchThread.java --  java.awt.EventDispatchThread --  pumpEvents --  EventDispatchThread.java --  java.awt.EventDispatchThread --  run --  
Message: null
Date: Sun May 19 19:04:13 CDT 2013
--------------------------------------------
Class name: jfrmSplash
Stacktrace : Thread.java --  java.lang.Thread --  getStackTrace --  LogHelper.java --  com.puntodeventa.global.Util.LogHelper --  Log --  jfrmLogin.java --  com.puntodeventa.mvc.Views.jfrmLogin --  jBtnEntrarActionPerformed --  jfrmLogin.java --  com.puntodeventa.mvc.Views.jfrmLogin --  access$300 --  jfrmLogin.java --  com.puntodeventa.mvc.Views.jfrmLogin$4 --  actionPerformed --  AbstractButton.java --  javax.swing.AbstractButton --  fireActionPerformed --  AbstractButton.java --  javax.swing.AbstractButton$Handler --  actionPerformed --  DefaultButtonModel.java --  javax.swing.DefaultButtonModel --  fireActionPerformed --  DefaultButtonModel.java --  javax.swing.DefaultButtonModel --  setPressed --  AbstractButton.java --  javax.swing.AbstractButton --  doClick --  AbstractButton.java --  javax.swing.AbstractButton --  doClick --  jfrmLogin.java --  com.puntodeventa.mvc.Views.jfrmLogin --  jtxtContrasenaKeyTyped --  jfrmLogin.java --  com.puntodeventa.mvc.Views.jfrmLogin --  access$600 --  jfrmLogin.java --  com.puntodeventa.mvc.Views.jfrmLogin$7 --  keyTyped --  Component.java --  java.awt.Component --  processKeyEvent --  JComponent.java --  javax.swing.JComponent --  processKeyEvent --  Component.java --  java.awt.Component --  processEvent --  Container.java --  java.awt.Container --  processEvent --  Component.java --  java.awt.Component --  dispatchEventImpl --  Container.java --  java.awt.Container --  dispatchEventImpl --  Component.java --  java.awt.Component --  dispatchEvent --  KeyboardFocusManager.java --  java.awt.KeyboardFocusManager --  redispatchEvent --  DefaultKeyboardFocusManager.java --  java.awt.DefaultKeyboardFocusManager --  dispatchKeyEvent --  DefaultKeyboardFocusManager.java --  java.awt.DefaultKeyboardFocusManager --  preDispatchKeyEvent --  DefaultKeyboardFocusManager.java --  java.awt.DefaultKeyboardFocusManager --  typeAheadAssertions --  DefaultKeyboardFocusManager.java --  java.awt.DefaultKeyboardFocusManager --  dispatchEvent --  Component.java --  java.awt.Component --  dispatchEventImpl --  Container.java --  java.awt.Container --  dispatchEventImpl --  Window.java --  java.awt.Window --  dispatchEventImpl --  Component.java --  java.awt.Component --  dispatchEvent --  EventQueue.java --  java.awt.EventQueue --  dispatchEventImpl --  EventQueue.java --  java.awt.EventQueue --  access$200 --  EventQueue.java --  java.awt.EventQueue$3 --  run --  EventQueue.java --  java.awt.EventQueue$3 --  run --  AccessController.java --  java.security.AccessController --  doPrivileged --  ProtectionDomain.java --  java.security.ProtectionDomain$1 --  doIntersectionPrivilege --  ProtectionDomain.java --  java.security.ProtectionDomain$1 --  doIntersectionPrivilege --  EventQueue.java --  java.awt.EventQueue$4 --  run --  EventQueue.java --  java.awt.EventQueue$4 --  run --  AccessController.java --  java.security.AccessController --  doPrivileged --  ProtectionDomain.java --  java.security.ProtectionDomain$1 --  doIntersectionPrivilege --  EventQueue.java --  java.awt.EventQueue --  dispatchEvent --  EventDispatchThread.java --  java.awt.EventDispatchThread --  pumpOneEventForFilters --  EventDispatchThread.java --  java.awt.EventDispatchThread --  pumpEventsForFilter --  EventDispatchThread.java --  java.awt.EventDispatchThread --  pumpEventsForHierarchy --  EventDispatchThread.java --  java.awt.EventDispatchThread --  pumpEvents --  EventDispatchThread.java --  java.awt.EventDispatchThread --  pumpEvents --  EventDispatchThread.java --  java.awt.EventDispatchThread --  run --  
Message: null
Date: Sun May 19 19:06:18 CDT 2013
--------------------------------------------
Class name: jfrmSplash
Stacktrace : Thread.java --  java.lang.Thread --  getStackTrace --  LogHelper.java --  com.puntodeventa.global.Util.LogHelper --  Log --  jfrmLogin.java --  com.puntodeventa.mvc.Views.jfrmLogin --  jBtnEntrarActionPerformed --  jfrmLogin.java --  com.puntodeventa.mvc.Views.jfrmLogin --  access$300 --  jfrmLogin.java --  com.puntodeventa.mvc.Views.jfrmLogin$4 --  actionPerformed --  AbstractButton.java --  javax.swing.AbstractButton --  fireActionPerformed --  AbstractButton.java --  javax.swing.AbstractButton$Handler --  actionPerformed --  DefaultButtonModel.java --  javax.swing.DefaultButtonModel --  fireActionPerformed --  DefaultButtonModel.java --  javax.swing.DefaultButtonModel --  setPressed --  AbstractButton.java --  javax.swing.AbstractButton --  doClick --  AbstractButton.java --  javax.swing.AbstractButton --  doClick --  jfrmLogin.java --  com.puntodeventa.mvc.Views.jfrmLogin --  jtxtContrasenaKeyTyped --  jfrmLogin.java --  com.puntodeventa.mvc.Views.jfrmLogin --  access$600 --  jfrmLogin.java --  com.puntodeventa.mvc.Views.jfrmLogin$7 --  keyTyped --  Component.java --  java.awt.Component --  processKeyEvent --  JComponent.java --  javax.swing.JComponent --  processKeyEvent --  Component.java --  java.awt.Component --  processEvent --  Container.java --  java.awt.Container --  processEvent --  Component.java --  java.awt.Component --  dispatchEventImpl --  Container.java --  java.awt.Container --  dispatchEventImpl --  Component.java --  java.awt.Component --  dispatchEvent --  KeyboardFocusManager.java --  java.awt.KeyboardFocusManager --  redispatchEvent --  DefaultKeyboardFocusManager.java --  java.awt.DefaultKeyboardFocusManager --  dispatchKeyEvent --  DefaultKeyboardFocusManager.java --  java.awt.DefaultKeyboardFocusManager --  preDispatchKeyEvent --  DefaultKeyboardFocusManager.java --  java.awt.DefaultKeyboardFocusManager --  typeAheadAssertions --  DefaultKeyboardFocusManager.java --  java.awt.DefaultKeyboardFocusManager --  dispatchEvent --  Component.java --  java.awt.Component --  dispatchEventImpl --  Container.java --  java.awt.Container --  dispatchEventImpl --  Window.java --  java.awt.Window --  dispatchEventImpl --  Component.java --  java.awt.Component --  dispatchEvent --  EventQueue.java --  java.awt.EventQueue --  dispatchEventImpl --  EventQueue.java --  java.awt.EventQueue --  access$200 --  EventQueue.java --  java.awt.EventQueue$3 --  run --  EventQueue.java --  java.awt.EventQueue$3 --  run --  AccessController.java --  java.security.AccessController --  doPrivileged --  ProtectionDomain.java --  java.security.ProtectionDomain$1 --  doIntersectionPrivilege --  ProtectionDomain.java --  java.security.ProtectionDomain$1 --  doIntersectionPrivilege --  EventQueue.java --  java.awt.EventQueue$4 --  run --  EventQueue.java --  java.awt.EventQueue$4 --  run --  AccessController.java --  java.security.AccessController --  doPrivileged --  ProtectionDomain.java --  java.security.ProtectionDomain$1 --  doIntersectionPrivilege --  EventQueue.java --  java.awt.EventQueue --  dispatchEvent --  EventDispatchThread.java --  java.awt.EventDispatchThread --  pumpOneEventForFilters --  EventDispatchThread.java --  java.awt.EventDispatchThread --  pumpEventsForFilter --  EventDispatchThread.java --  java.awt.EventDispatchThread --  pumpEventsForHierarchy --  EventDispatchThread.java --  java.awt.EventDispatchThread --  pumpEvents --  EventDispatchThread.java --  java.awt.EventDispatchThread --  pumpEvents --  EventDispatchThread.java --  java.awt.EventDispatchThread --  run --  
Message: null
Date: Sun May 19 19:09:16 CDT 2013
--------------------------------------------
Class name: jfrmSplash
Stacktrace : Thread.java --  java.lang.Thread --  getStackTrace --  LogHelper.java --  com.puntodeventa.global.Util.LogHelper --  Log --  jfrmLogin.java --  com.puntodeventa.mvc.Views.jfrmLogin --  jBtnEntrarActionPerformed --  jfrmLogin.java --  com.puntodeventa.mvc.Views.jfrmLogin --  access$300 --  jfrmLogin.java --  com.puntodeventa.mvc.Views.jfrmLogin$4 --  actionPerformed --  AbstractButton.java --  javax.swing.AbstractButton --  fireActionPerformed --  AbstractButton.java --  javax.swing.AbstractButton$Handler --  actionPerformed --  DefaultButtonModel.java --  javax.swing.DefaultButtonModel --  fireActionPerformed --  DefaultButtonModel.java --  javax.swing.DefaultButtonModel --  setPressed --  AbstractButton.java --  javax.swing.AbstractButton --  doClick --  AbstractButton.java --  javax.swing.AbstractButton --  doClick --  jfrmLogin.java --  com.puntodeventa.mvc.Views.jfrmLogin --  jtxtContrasenaKeyTyped --  jfrmLogin.java --  com.puntodeventa.mvc.Views.jfrmLogin --  access$600 --  jfrmLogin.java --  com.puntodeventa.mvc.Views.jfrmLogin$7 --  keyTyped --  Component.java --  java.awt.Component --  processKeyEvent --  JComponent.java --  javax.swing.JComponent --  processKeyEvent --  Component.java --  java.awt.Component --  processEvent --  Container.java --  java.awt.Container --  processEvent --  Component.java --  java.awt.Component --  dispatchEventImpl --  Container.java --  java.awt.Container --  dispatchEventImpl --  Component.java --  java.awt.Component --  dispatchEvent --  KeyboardFocusManager.java --  java.awt.KeyboardFocusManager --  redispatchEvent --  DefaultKeyboardFocusManager.java --  java.awt.DefaultKeyboardFocusManager --  dispatchKeyEvent --  DefaultKeyboardFocusManager.java --  java.awt.DefaultKeyboardFocusManager --  preDispatchKeyEvent --  DefaultKeyboardFocusManager.java --  java.awt.DefaultKeyboardFocusManager --  typeAheadAssertions --  DefaultKeyboardFocusManager.java --  java.awt.DefaultKeyboardFocusManager --  dispatchEvent --  Component.java --  java.awt.Component --  dispatchEventImpl --  Container.java --  java.awt.Container --  dispatchEventImpl --  Window.java --  java.awt.Window --  dispatchEventImpl --  Component.java --  java.awt.Component --  dispatchEvent --  EventQueue.java --  java.awt.EventQueue --  dispatchEventImpl --  EventQueue.java --  java.awt.EventQueue --  access$200 --  EventQueue.java --  java.awt.EventQueue$3 --  run --  EventQueue.java --  java.awt.EventQueue$3 --  run --  AccessController.java --  java.security.AccessController --  doPrivileged --  ProtectionDomain.java --  java.security.ProtectionDomain$1 --  doIntersectionPrivilege --  ProtectionDomain.java --  java.security.ProtectionDomain$1 --  doIntersectionPrivilege --  EventQueue.java --  java.awt.EventQueue$4 --  run --  EventQueue.java --  java.awt.EventQueue$4 --  run --  AccessController.java --  java.security.AccessController --  doPrivileged --  ProtectionDomain.java --  java.security.ProtectionDomain$1 --  doIntersectionPrivilege --  EventQueue.java --  java.awt.EventQueue --  dispatchEvent --  EventDispatchThread.java --  java.awt.EventDispatchThread --  pumpOneEventForFilters --  EventDispatchThread.java --  java.awt.EventDispatchThread --  pumpEventsForFilter --  EventDispatchThread.java --  java.awt.EventDispatchThread --  pumpEventsForHierarchy --  EventDispatchThread.java --  java.awt.EventDispatchThread --  pumpEvents --  EventDispatchThread.java --  java.awt.EventDispatchThread --  pumpEvents --  EventDispatchThread.java --  java.awt.EventDispatchThread --  run --  
Message: null
Date: Sun May 19 19:12:50 CDT 2013
--------------------------------------------